[Sat Aug  9 12:58:44 2025] OUT: NICK guest722
[Sat Aug  9 12:58:44 2025] OUT: USER guest722 0 * :guest722
[Sat Aug  9 12:58:44 2025] IN: NOTICE Welcome to PyIRC Server!
[Sat Aug  9 12:58:44 2025] IN: NOTICE Please set your nickname with: /nick <nickname>
[Sat Aug  9 12:58:44 2025] IN: NOTICE Your nickname is now guest722
[Sat Aug  9 12:58:44 2025] IN: USER guest722 0 * :guest722
[Sat Aug  9 12:58:48 2025] OUT: LIST
[Sat Aug  9 12:58:48 2025] IN: NOTICE 🟢 Active Channels:
[Sat Aug  9 12:58:59 2025] OUT: JOIN #main
[Sat Aug  9 12:58:59 2025] IN: NOTICE guest722
[Sat Aug  9 12:58:59 2025] IN: USER guest722 0 * :guest722 joined #main
[Sat Aug  9 12:58:59 2025] IN: JOIN #main
[Sat Aug  9 12:58:59 2025] IN: TOPIC #main :Welcome to #main!
[Sat Aug  9 12:59:02 2025] OUT: PRIVMSG #main :Hello !
[Sat Aug  9 12:59:02 2025] IN: PRIVMSG guest722
[Sat Aug  9 12:59:02 2025] IN: USER guest722 0 * :guest722 ::Hello !
[Sat Aug  9 13:00:26 2025] IN: NOTICE guest805 joined #main
[Sat Aug  9 13:00:28 2025] IN: PRIVMSG guest805 ::Hello !
[Sat Aug  9 13:02:27 2025] IN: NOTICE guest805 has quit
[Sat Aug  9 13:02:27 2025] IN: NOTICE guest805 left #main
[Sat Aug  9 13:02:28 2025] OUT: QUIT
